<?xml version="1.0" encoding="UTF-8"?>
<coverage generated="1790210663899" clover="3.2.0">
  <project timestamp="1790210663899" name="All files">
    <metrics statements="187" coveredstatements="187" conditionals="76" coveredconditionals="69" methods="41" coveredmethods="41" elements="304" coveredelements="297" complexity="0" loc="187" ncloc="187" packages="1" files="7" classes="7"/>
    <file name="GameEngine.ts" path="/Users/huanghua/Projects/tetris-app/src/engine/GameEngine.ts">
      <metrics statements="109" coveredstatements="109" conditionals="48" coveredconditionals="42" methods="17" coveredmethods="17"/>
      <line num="2" count="1" type="stmt"/>
      <line num="3" count="1" type="stmt"/>
      <line num="4" count="1" type="stmt"/>
      <line num="5" count="1" type="stmt"/>
      <line num="6" count="1" type="stmt"/>
      <line num="7" count="1" type="stmt"/>
      <line num="16" count="1" type="stmt"/>
      <line num="17" count="13" type="stmt"/>
      <line num="18" count="13" type="stmt"/>
      <line num="19" count="13" type="stmt"/>
      <line num="20" count="13" type="stmt"/>
      <line num="21" count="13" type="stmt"/>
      <line num="22" count="13" type="stmt"/>
      <line num="25" count="13" type="stmt"/>
      <line num="29" count="13" type="stmt"/>
      <line num="33" count="13" type="stmt"/>
      <line num="34" count="13" type="stmt"/>
      <line num="35" count="13" type="stmt"/>
      <line num="36" count="13" type="stmt"/>
      <line num="37" count="13" type="stmt"/>
      <line num="38" count="13" type="stmt"/>
      <line num="39" count="13" type="cond" truecount="1" falsecount="1"/>
      <line num="40" count="13" type="stmt"/>
      <line num="44" count="1" type="cond" truecount="1" falsecount="1"/>
      <line num="48" count="1" type="cond" truecount="1" falsecount="1"/>
      <line num="52" count="1" type="stmt"/>
      <line num="53" count="1" type="stmt"/>
      <line num="54" count="1" type="stmt"/>
      <line num="55" count="1" type="stmt"/>
      <line num="56" count="1" type="stmt"/>
      <line num="57" count="1" type="stmt"/>
      <line num="58" count="1" type="stmt"/>
      <line num="63" count="96" type="cond" truecount="4" falsecount="0"/>
      <line num="64" count="95" type="stmt"/>
      <line num="66" count="95" type="cond" truecount="5" falsecount="0"/>
      <line num="69" count="42" type="cond" truecount="2" falsecount="0"/>
      <line num="70" count="42" type="cond" truecount="1" falsecount="1"/>
      <line num="71" count="42" type="stmt"/>
      <line num="74" count="16" type="stmt"/>
      <line num="75" count="16" type="cond" truecount="1" falsecount="1"/>
      <line num="76" count="16" type="stmt"/>
      <line num="79" count="17" type="stmt"/>
      <line num="80" count="17" type="cond" truecount="2" falsecount="0"/>
      <line num="81" count="16" type="stmt"/>
      <line num="82" count="16" type="stmt"/>
      <line num="83" count="16" type="stmt"/>
      <line num="84" count="16" type="stmt"/>
      <line num="86" count="1" type="stmt"/>
      <line num="89" count="20" type="stmt"/>
      <line num="95" count="425" type="cond" truecount="4" falsecount="0"/>
      <line num="96" count="423" type="stmt"/>
      <line num="97" count="423" type="stmt"/>
      <line num="98" count="423" type="cond" truecount="3" falsecount="0"/>
      <line num="99" count="200" type="stmt"/>
      <line num="100" count="200" type="stmt"/>
      <line num="102" count="423" type="stmt"/>
      <line num="107" count="1" type="cond" truecount="1" falsecount="1"/>
      <line num="108" count="1" type="stmt"/>
      <line num="109" count="1" type="stmt"/>
      <line num="110" count="21" type="stmt"/>
      <line num="111" count="21" type="cond" truecount="2" falsecount="0"/>
      <line num="112" count="20" type="stmt"/>
      <line num="117" count="1" type="stmt"/>
      <line num="131" count="200" type="stmt"/>
      <line num="132" count="200" type="stmt"/>
      <line num="133" count="200" type="cond" truecount="2" falsecount="0"/>
      <line num="134" count="185" type="stmt"/>
      <line num="135" count="185" type="stmt"/>
      <line num="137" count="15" type="stmt"/>
      <line num="141" count="20" type="stmt"/>
      <line num="142" count="20" type="stmt"/>
      <line num="143" count="241" type="stmt"/>
      <line num="144" count="241" type="cond" truecount="2" falsecount="0"/>
      <line num="145" count="221" type="stmt"/>
      <line num="146" count="221" type="stmt"/>
      <line num="148" count="20" type="stmt"/>
      <line num="149" count="20" type="stmt"/>
      <line num="153" count="36" type="stmt"/>
      <line num="154" count="36" type="stmt"/>
      <line num="155" count="36" type="stmt"/>
      <line num="158" count="36" type="stmt"/>
      <line num="159" count="92" type="cond" truecount="2" falsecount="0"/>
      <line num="162" count="36" type="stmt"/>
      <line num="163" count="36" type="stmt"/>
      <line num="164" count="36" type="stmt"/>
      <line num="165" count="36" type="stmt"/>
      <line num="166" count="36" type="stmt"/>
      <line num="168" count="36" type="stmt"/>
      <line num="169" count="36" type="stmt"/>
      <line num="170" count="36" type="cond" truecount="2" falsecount="0"/>
      <line num="171" count="1" type="stmt"/>
      <line num="172" count="1" type="stmt"/>
      <line num="175" count="36" type="cond" truecount="2" falsecount="0"/>
      <line num="176" count="2" type="stmt"/>
      <line num="177" count="2" type="stmt"/>
      <line num="179" count="34" type="cond" truecount="2" falsecount="0"/>
      <line num="180" count="34" type="stmt"/>
      <line num="185" count="47" type="stmt"/>
      <line num="186" count="47" type="stmt"/>
      <line num="188" count="137" type="stmt"/>
      <line num="193" count="47" type="cond" truecount="2" falsecount="0"/>
      <line num="194" count="1" type="stmt"/>
      <line num="195" count="1" type="stmt"/>
      <line num="196" count="1" type="stmt"/>
      <line num="198" count="46" type="stmt"/>
      <line num="199" count="46" type="stmt"/>
      <line num="203" count="3" type="stmt"/>
      <line num="204" count="3" type="stmt"/>
      <line num="205" count="3" type="stmt"/>
    </file>
    <file name="bag.ts" path="/Users/huanghua/Projects/tetris-app/src/engine/bag.ts">
      <metrics statements="15" coveredstatements="15" conditionals="1" coveredconditionals="1" methods="5" coveredmethods="5"/>
      <line num="2" count="2" type="stmt"/>
      <line num="6" count="49" type="stmt"/>
      <line num="8" count="49" type="stmt"/>
      <line num="9" count="294" type="stmt"/>
      <line num="10" count="294" type="stmt"/>
      <line num="12" count="49" type="stmt"/>
      <line num="15" count="2" type="stmt"/>
      <line num="16" count="44" type="stmt"/>
      <line num="19" count="44" type="cond" truecount="1" falsecount="0"/>
      <line num="23" count="106" type="stmt"/>
      <line num="24" count="106" type="stmt"/>
      <line num="29" count="3" type="stmt"/>
      <line num="30" count="3" type="stmt"/>
      <line num="34" count="109" type="stmt"/>
      <line num="35" count="49" type="stmt"/>
    </file>
    <file name="board.ts" path="/Users/huanghua/Projects/tetris-app/src/engine/board.ts">
      <metrics statements="19" coveredstatements="19" conditionals="10" coveredconditionals="9" methods="11" coveredmethods="11"/>
      <line num="2" count="4" type="stmt"/>
      <line num="5" count="4" type="stmt"/>
      <line num="6" count="1080" type="stmt"/>
      <line num="10" count="4" type="stmt"/>
      <line num="11" count="888" type="stmt"/>
      <line num="12" count="37" type="stmt"/>
      <line num="13" count="110" type="stmt"/>
      <line num="14" count="338" type="cond" truecount="2" falsecount="0"/>
      <line num="15" count="148" type="stmt"/>
      <line num="16" count="148" type="cond" truecount="3" falsecount="1"/>
      <line num="19" count="37" type="stmt"/>
      <line num="26" count="4" type="stmt"/>
      <line num="27" count="41" type="stmt"/>
      <line num="28" count="41" type="stmt"/>
      <line num="29" count="1118" type="cond" truecount="2" falsecount="0"/>
      <line num="31" count="41" type="cond" truecount="2" falsecount="0"/>
      <line num="33" count="144" type="stmt"/>
      <line num="34" count="14" type="stmt"/>
      <line num="35" count="6" type="stmt"/>
    </file>
    <file name="collision.ts" path="/Users/huanghua/Projects/tetris-app/src/engine/collision.ts">
      <metrics statements="11" coveredstatements="11" conditionals="11" coveredconditionals="11" methods="1" coveredmethods="1"/>
      <line num="2" count="3" type="stmt"/>
      <line num="12" count="3" type="stmt"/>
      <line num="13" count="605" type="stmt"/>
      <line num="14" count="605" type="stmt"/>
      <line num="15" count="1735" type="stmt"/>
      <line num="16" count="5230" type="cond" truecount="2" falsecount="0"/>
      <line num="17" count="2348" type="stmt"/>
      <line num="18" count="2348" type="stmt"/>
      <line num="19" count="2348" type="cond" truecount="5" falsecount="0"/>
      <line num="20" count="2336" type="cond" truecount="4" falsecount="0"/>
      <line num="23" count="553" type="stmt"/>
    </file>
    <file name="constants.ts" path="/Users/huanghua/Projects/tetris-app/src/engine/constants.ts">
      <metrics statements="11" coveredstatements="11" conditionals="0" coveredconditionals="0" methods="0" coveredmethods="0"/>
      <line num="4" count="6" type="stmt"/>
      <line num="5" count="6" type="stmt"/>
      <line num="7" count="6" type="stmt"/>
      <line num="8" count="6" type="stmt"/>
      <line num="10" count="6" type="stmt"/>
      <line num="13" count="6" type="stmt"/>
      <line num="52" count="6" type="stmt"/>
      <line num="55" count="6" type="stmt"/>
      <line num="58" count="6" type="stmt"/>
      <line num="67" count="6" type="stmt"/>
      <line num="79" count="6" type="stmt"/>
    </file>
    <file name="rotation.ts" path="/Users/huanghua/Projects/tetris-app/src/engine/rotation.ts">
      <metrics statements="15" coveredstatements="15" conditionals="6" coveredconditionals="6" methods="4" coveredmethods="4"/>
      <line num="2" count="2" type="stmt"/>
      <line num="3" count="2" type="stmt"/>
      <line num="7" count="2" type="stmt"/>
      <line num="8" count="21" type="stmt"/>
      <line num="9" count="231" type="stmt"/>
      <line num="17" count="2" type="stmt"/>
      <line num="18" count="21" type="cond" truecount="2" falsecount="0"/>
      <line num="20" count="20" type="stmt"/>
      <line num="21" count="20" type="stmt"/>
      <line num="22" count="20" type="cond" truecount="2" falsecount="0"/>
      <line num="23" count="20" type="stmt"/>
      <line num="25" count="20" type="stmt"/>
      <line num="26" count="28" type="stmt"/>
      <line num="27" count="28" type="cond" truecount="2" falsecount="0"/>
      <line num="29" count="1" type="stmt"/>
    </file>
    <file name="scoring.ts" path="/Users/huanghua/Projects/tetris-app/src/engine/scoring.ts">
      <metrics statements="7" coveredstatements="7" conditionals="0" coveredconditionals="0" methods="3" coveredmethods="3"/>
      <line num="2" count="2" type="stmt"/>
      <line num="5" count="2" type="stmt"/>
      <line num="6" count="42" type="stmt"/>
      <line num="10" count="2" type="stmt"/>
      <line num="11" count="828" type="stmt"/>
      <line num="15" count="2" type="stmt"/>
      <line num="16" count="40" type="stmt"/>
    </file>
  </project>
</coverage>
