{"/Users/huanghua/Projects/tetris-app/src/engine/GameEngine.ts": {"path":"/Users/huanghua/Projects/tetris-app/src/engine/GameEngine.ts","statementMap":{"0":{"start":{"line":2,"column":0},"end":{"line":2,"column":33}},"1":{"start":{"line":3,"column":0},"end":{"line":3,"column":61}},"2":{"start":{"line":4,"column":0},"end":{"line":4,"column":39}},"3":{"start":{"line":5,"column":0},"end":{"line":5,"column":63}},"4":{"start":{"line":6,"column":0},"end":{"line":6,"column":39}},"5":{"start":{"line":7,"column":0},"end":{"line":7,"column":63}},"6":{"start":{"line":17,"column":17},"end":{"line":17,"column":24}},"7":{"start":{"line":18,"column":17},"end":{"line":18,"column":30}},"8":{"start":{"line":19,"column":26},"end":{"line":19,"column":30}},"9":{"start":{"line":20,"column":10},"end":{"line":20,"column":11}},"10":{"start":{"line":21,"column":10},"end":{"line":21,"column":11}},"11":{"start":{"line":22,"column":10},"end":{"line":22,"column":11}},"12":{"start":{"line":25,"column":24},"end":{"line":25,"column":25}},"13":{"start":{"line":29,"column":4},"end":{"line":29,"column":33}},"14":{"start":{"line":33,"column":4},"end":{"line":33,"column":31}},"15":{"start":{"line":34,"column":4},"end":{"line":34,"column":19}},"16":{"start":{"line":35,"column":4},"end":{"line":35,"column":19}},"17":{"start":{"line":36,"column":4},"end":{"line":36,"column":19}},"18":{"start":{"line":37,"column":4},"end":{"line":37,"column":25}},"19":{"start":{"line":38,"column":4},"end":{"line":38,"column":27}},"20":{"start":{"line":39,"column":4},"end":{"line":39,"column":49}},"21":{"start":{"line":39,"column":23},"end":{"line":39,"column":49}},"22":{"start":{"line":40,"column":4},"end":{"line":40,"column":14}},"23":{"start":{"line":44,"column":4},"end":{"line":44,"column":56}},"24":{"start":{"line":44,"column":34},"end":{"line":44,"column":56}},"25":{"start":{"line":48,"column":4},"end":{"line":48,"column":56}},"26":{"start":{"line":48,"column":33},"end":{"line":48,"column":56}},"27":{"start":{"line":52,"column":4},"end":{"line":52,"column":25}},"28":{"start":{"line":53,"column":4},"end":{"line":53,"column":31}},"29":{"start":{"line":54,"column":4},"end":{"line":54,"column":24}},"30":{"start":{"line":55,"column":4},"end":{"line":55,"column":19}},"31":{"start":{"line":56,"column":4},"end":{"line":56,"column":19}},"32":{"start":{"line":57,"column":4},"end":{"line":57,"column":19}},"33":{"start":{"line":58,"column":4},"end":{"line":58,"column":25}},"34":{"start":{"line":63,"column":4},"end":{"line":63,"column":61}},"35":{"start":{"line":63,"column":51},"end":{"line":63,"column":61}},"36":{"start":{"line":64,"column":14},"end":{"line":64,"column":26}},"37":{"start":{"line":66,"column":4},"end":{"line":90,"column":5}},"38":{"start":{"line":69,"column":22},"end":{"line":69,"column":66}},"39":{"start":{"line":70,"column":8},"end":{"line":70,"column":63}},"40":{"start":{"line":70,"column":42},"end":{"line":70,"column":63}},"41":{"start":{"line":71,"column":8},"end":{"line":71,"column":18}},"42":{"start":{"line":74,"column":24},"end":{"line":74,"column":48}},"43":{"start":{"line":75,"column":8},"end":{"line":75,"column":44}},"44":{"start":{"line":75,"column":21},"end":{"line":75,"column":44}},"45":{"start":{"line":76,"column":8},"end":{"line":76,"column":18}},"46":{"start":{"line":79,"column":22},"end":{"line":79,"column":42}},"47":{"start":{"line":80,"column":8},"end":{"line":85,"column":9}},"48":{"start":{"line":81,"column":10},"end":{"line":81,"column":31}},"49":{"start":{"line":82,"column":10},"end":{"line":82,"column":26}},"50":{"start":{"line":83,"column":10},"end":{"line":83,"column":31}},"51":{"start":{"line":84,"column":10},"end":{"line":84,"column":20}},"52":{"start":{"line":86,"column":8},"end":{"line":86,"column":34}},"53":{"start":{"line":89,"column":8},"end":{"line":89,"column":31}},"54":{"start":{"line":95,"column":4},"end":{"line":95,"column":61}},"55":{"start":{"line":95,"column":51},"end":{"line":95,"column":61}},"56":{"start":{"line":96,"column":4},"end":{"line":96,"column":27}},"57":{"start":{"line":97,"column":34},"end":{"line":97,"column":36}},"58":{"start":{"line":98,"column":4},"end":{"line":101,"column":5}},"59":{"start":{"line":99,"column":6},"end":{"line":99,"column":51}},"60":{"start":{"line":100,"column":6},"end":{"line":100,"column":38}},"61":{"start":{"line":102,"column":4},"end":{"line":102,"column":18}},"62":{"start":{"line":107,"column":4},"end":{"line":107,"column":35}},"63":{"start":{"line":107,"column":23},"end":{"line":107,"column":35}},"64":{"start":{"line":108,"column":12},"end":{"line":108,"column":26}},"65":{"start":{"line":109,"column":4},"end":{"line":113,"column":5}},"66":{"start":{"line":110,"column":20},"end":{"line":110,"column":49}},"67":{"start":{"line":111,"column":6},"end":{"line":111,"column":48}},"68":{"start":{"line":111,"column":39},"end":{"line":111,"column":48}},"69":{"start":{"line":112,"column":6},"end":{"line":112,"column":18}},"70":{"start":{"line":117,"column":4},"end":{"line":125,"column":6}},"71":{"start":{"line":131,"column":14},"end":{"line":131,"column":27}},"72":{"start":{"line":132,"column":18},"end":{"line":132,"column":38}},"73":{"start":{"line":133,"column":4},"end":{"line":136,"column":5}},"74":{"start":{"line":134,"column":6},"end":{"line":134,"column":27}},"75":{"start":{"line":135,"column":6},"end":{"line":135,"column":16}},"76":{"start":{"line":137,"column":4},"end":{"line":137,"column":30}},"77":{"start":{"line":141,"column":16},"end":{"line":141,"column":17}},"78":{"start":{"line":142,"column":4},"end":{"line":147,"column":5}},"79":{"start":{"line":143,"column":20},"end":{"line":143,"column":64}},"80":{"start":{"line":144,"column":6},"end":{"line":144,"column":45}},"81":{"start":{"line":144,"column":39},"end":{"line":144,"column":45}},"82":{"start":{"line":145,"column":6},"end":{"line":145,"column":27}},"83":{"start":{"line":146,"column":6},"end":{"line":146,"column":14}},"84":{"start":{"line":148,"column":4},"end":{"line":148,"column":28}},"85":{"start":{"line":149,"column":4},"end":{"line":149,"column":67}},"86":{"start":{"line":153,"column":14},"end":{"line":153,"column":27}},"87":{"start":{"line":154,"column":4},"end":{"line":154,"column":42}},"88":{"start":{"line":155,"column":4},"end":{"line":155,"column":25}},"89":{"start":{"line":158,"column":28},"end":{"line":159,"column":null}},"90":{"start":{"line":159,"column":6},"end":{"line":159,"column":51}},"91":{"start":{"line":159,"column":27},"end":{"line":159,"column":50}},"92":{"start":{"line":162,"column":35},"end":{"line":162,"column":57}},"93":{"start":{"line":163,"column":4},"end":{"line":163,"column":23}},"94":{"start":{"line":164,"column":4},"end":{"line":164,"column":37}},"95":{"start":{"line":165,"column":19},"end":{"line":165,"column":60}},"96":{"start":{"line":166,"column":4},"end":{"line":166,"column":25}},"97":{"start":{"line":168,"column":34},"end":{"line":168,"column":75}},"98":{"start":{"line":169,"column":15},"end":{"line":169,"column":36}},"99":{"start":{"line":170,"column":4},"end":{"line":173,"column":5}},"100":{"start":{"line":171,"column":6},"end":{"line":171,"column":22}},"101":{"start":{"line":172,"column":6},"end":{"line":172,"column":50}},"102":{"start":{"line":175,"column":4},"end":{"line":178,"column":5}},"103":{"start":{"line":176,"column":6},"end":{"line":176,"column":28}},"104":{"start":{"line":177,"column":6},"end":{"line":177,"column":20}},"105":{"start":{"line":179,"column":4},"end":{"line":179,"column":45}},"106":{"start":{"line":179,"column":23},"end":{"line":179,"column":45}},"107":{"start":{"line":180,"column":4},"end":{"line":180,"column":18}},"108":{"start":{"line":185,"column":17},"end":{"line":185,"column":32}},"109":{"start":{"line":186,"column":25},"end":{"line":192,"column":6}},"110":{"start":{"line":188,"column":38},"end":{"line":188,"column":44}},"111":{"start":{"line":193,"column":4},"end":{"line":197,"column":5}},"112":{"start":{"line":194,"column":6},"end":{"line":194,"column":26}},"113":{"start":{"line":195,"column":6},"end":{"line":195,"column":26}},"114":{"start":{"line":196,"column":6},"end":{"line":196,"column":19}},"115":{"start":{"line":198,"column":4},"end":{"line":198,"column":25}},"116":{"start":{"line":199,"column":4},"end":{"line":199,"column":16}},"117":{"start":{"line":203,"column":4},"end":{"line":203,"column":24}},"118":{"start":{"line":204,"column":4},"end":{"line":204,"column":24}},"119":{"start":{"line":205,"column":4},"end":{"line":205,"column":34}},"120":{"start":{"line":16,"column":0},"end":{"line":16,"column":13}}},"fnMap":{"0":{"name":"(anonymous_0)","decl":{"start":{"line":28,"column":2},"end":{"line":28,"column":14}},"loc":{"start":{"line":28,"column":32},"end":{"line":30,"column":3}}},"1":{"name":"(anonymous_1)","decl":{"start":{"line":32,"column":2},"end":{"line":32,"column":7}},"loc":{"start":{"line":32,"column":7},"end":{"line":41,"column":3}}},"2":{"name":"(anonymous_2)","decl":{"start":{"line":43,"column":2},"end":{"line":43,"column":7}},"loc":{"start":{"line":43,"column":7},"end":{"line":45,"column":3}}},"3":{"name":"(anonymous_3)","decl":{"start":{"line":47,"column":2},"end":{"line":47,"column":8}},"loc":{"start":{"line":47,"column":8},"end":{"line":49,"column":3}}},"4":{"name":"(anonymous_4)","decl":{"start":{"line":51,"column":2},"end":{"line":51,"column":7}},"loc":{"start":{"line":51,"column":7},"end":{"line":59,"column":3}}},"5":{"name":"(anonymous_5)","decl":{"start":{"line":62,"column":2},"end":{"line":62,"column":10}},"loc":{"start":{"line":62,"column":23},"end":{"line":91,"column":3}}},"6":{"name":"(anonymous_6)","decl":{"start":{"line":94,"column":2},"end":{"line":94,"column":8}},"loc":{"start":{"line":94,"column":19},"end":{"line":103,"column":3}}},"7":{"name":"(anonymous_7)","decl":{"start":{"line":106,"column":2},"end":{"line":106,"column":11}},"loc":{"start":{"line":106,"column":11},"end":{"line":114,"column":3}}},"8":{"name":"(anonymous_8)","decl":{"start":{"line":116,"column":2},"end":{"line":116,"column":13}},"loc":{"start":{"line":116,"column":13},"end":{"line":126,"column":3}}},"9":{"name":"(anonymous_9)","decl":{"start":{"line":130,"column":10},"end":{"line":130,"column":18}},"loc":{"start":{"line":130,"column":18},"end":{"line":138,"column":3}}},"10":{"name":"(anonymous_10)","decl":{"start":{"line":140,"column":10},"end":{"line":140,"column":18}},"loc":{"start":{"line":140,"column":18},"end":{"line":150,"column":3}}},"11":{"name":"(anonymous_11)","decl":{"start":{"line":152,"column":10},"end":{"line":152,"column":21}},"loc":{"start":{"line":152,"column":21},"end":{"line":181,"column":3}}},"12":{"name":"(anonymous_12)","decl":{"start":{"line":158,"column":43},"end":{"line":158,"column":44}},"loc":{"start":{"line":159,"column":6},"end":{"line":159,"column":51}}},"13":{"name":"(anonymous_13)","decl":{"start":{"line":159,"column":16},"end":{"line":159,"column":17}},"loc":{"start":{"line":159,"column":27},"end":{"line":159,"column":50}}},"14":{"name":"(anonymous_14)","decl":{"start":{"line":184,"column":10},"end":{"line":184,"column":15}},"loc":{"start":{"line":184,"column":15},"end":{"line":200,"column":3}}},"15":{"name":"(anonymous_15)","decl":{"start":{"line":188,"column":31},"end":{"line":188,"column":32}},"loc":{"start":{"line":188,"column":38},"end":{"line":188,"column":44}}},"16":{"name":"(anonymous_16)","decl":{"start":{"line":202,"column":10},"end":{"line":202,"column":18}},"loc":{"start":{"line":202,"column":40},"end":{"line":206,"column":3}}}},"branchMap":{"0":{"loc":{"start":{"line":39,"column":4},"end":{"line":39,"column":49}},"type":"if","locations":[{"start":{"line":39,"column":4},"end":{"line":39,"column":49}},{"start":{},"end":{}}]},"1":{"loc":{"start":{"line":44,"column":4},"end":{"line":44,"column":56}},"type":"if","locations":[{"start":{"line":44,"column":4},"end":{"line":44,"column":56}},{"start":{},"end":{}}]},"2":{"loc":{"start":{"line":48,"column":4},"end":{"line":48,"column":56}},"type":"if","locations":[{"start":{"line":48,"column":4},"end":{"line":48,"column":56}},{"start":{},"end":{}}]},"3":{"loc":{"start":{"line":63,"column":4},"end":{"line":63,"column":61}},"type":"if","locations":[{"start":{"line":63,"column":4},"end":{"line":63,"column":61}},{"start":{},"end":{}}]},"4":{"loc":{"start":{"line":63,"column":8},"end":{"line":63,"column":49}},"type":"binary-expr","locations":[{"start":{"line":63,"column":8},"end":{"line":63,"column":32}},{"start":{"line":63,"column":36},"end":{"line":63,"column":49}}]},"5":{"loc":{"start":{"line":66,"column":4},"end":{"line":90,"column":5}},"type":"switch","locations":[{"start":{"line":67,"column":6},"end":{"line":67,"column":18}},{"start":{"line":68,"column":6},"end":{"line":72,"column":7}},{"start":{"line":73,"column":6},"end":{"line":77,"column":7}},{"start":{"line":78,"column":6},"end":{"line":87,"column":7}},{"start":{"line":88,"column":6},"end":{"line":89,"column":31}}]},"6":{"loc":{"start":{"line":69,"column":40},"end":{"line":69,"column":63}},"type":"cond-expr","locations":[{"start":{"line":69,"column":57},"end":{"line":69,"column":59}},{"start":{"line":69,"column":62},"end":{"line":69,"column":63}}]},"7":{"loc":{"start":{"line":70,"column":8},"end":{"line":70,"column":63}},"type":"if","locations":[{"start":{"line":70,"column":8},"end":{"line":70,"column":63}},{"start":{},"end":{}}]},"8":{"loc":{"start":{"line":75,"column":8},"end":{"line":75,"column":44}},"type":"if","locations":[{"start":{"line":75,"column":8},"end":{"line":75,"column":44}},{"start":{},"end":{}}]},"9":{"loc":{"start":{"line":80,"column":8},"end":{"line":85,"column":9}},"type":"if","locations":[{"start":{"line":80,"column":8},"end":{"line":85,"column":9}},{"start":{},"end":{}}]},"10":{"loc":{"start":{"line":95,"column":4},"end":{"line":95,"column":61}},"type":"if","locations":[{"start":{"line":95,"column":4},"end":{"line":95,"column":61}},{"start":{},"end":{}}]},"11":{"loc":{"start":{"line":95,"column":8},"end":{"line":95,"column":49}},"type":"binary-expr","locations":[{"start":{"line":95,"column":8},"end":{"line":95,"column":32}},{"start":{"line":95,"column":36},"end":{"line":95,"column":49}}]},"12":{"loc":{"start":{"line":98,"column":11},"end":{"line":98,"column":99}},"type":"binary-expr","locations":[{"start":{"line":98,"column":11},"end":{"line":98,"column":55}},{"start":{"line":98,"column":59},"end":{"line":98,"column":83}},{"start":{"line":98,"column":87},"end":{"line":98,"column":99}}]},"13":{"loc":{"start":{"line":107,"column":4},"end":{"line":107,"column":35}},"type":"if","locations":[{"start":{"line":107,"column":4},"end":{"line":107,"column":35}},{"start":{},"end":{}}]},"14":{"loc":{"start":{"line":111,"column":6},"end":{"line":111,"column":48}},"type":"if","locations":[{"start":{"line":111,"column":6},"end":{"line":111,"column":48}},{"start":{},"end":{}}]},"15":{"loc":{"start":{"line":133,"column":4},"end":{"line":136,"column":5}},"type":"if","locations":[{"start":{"line":133,"column":4},"end":{"line":136,"column":5}},{"start":{},"end":{}}]},"16":{"loc":{"start":{"line":144,"column":6},"end":{"line":144,"column":45}},"type":"if","locations":[{"start":{"line":144,"column":6},"end":{"line":144,"column":45}},{"start":{},"end":{}}]},"17":{"loc":{"start":{"line":159,"column":27},"end":{"line":159,"column":50}},"type":"binary-expr","locations":[{"start":{"line":159,"column":27},"end":{"line":159,"column":29}},{"start":{"line":159,"column":33},"end":{"line":159,"column":50}}]},"18":{"loc":{"start":{"line":170,"column":4},"end":{"line":173,"column":5}},"type":"if","locations":[{"start":{"line":170,"column":4},"end":{"line":173,"column":5}},{"start":{},"end":{}}]},"19":{"loc":{"start":{"line":175,"column":4},"end":{"line":178,"column":5}},"type":"if","locations":[{"start":{"line":175,"column":4},"end":{"line":178,"column":5}},{"start":{},"end":{}}]},"20":{"loc":{"start":{"line":179,"column":4},"end":{"line":179,"column":45}},"type":"if","locations":[{"start":{"line":179,"column":4},"end":{"line":179,"column":45}},{"start":{},"end":{}}]},"21":{"loc":{"start":{"line":193,"column":4},"end":{"line":197,"column":5}},"type":"if","locations":[{"start":{"line":193,"column":4},"end":{"line":197,"column":5}},{"start":{},"end":{}}]}},"s":{"0":1,"1":1,"2":1,"3":1,"4":1,"5":1,"6":13,"7":13,"8":13,"9":13,"10":13,"11":13,"12":13,"13":13,"14":13,"15":13,"16":13,"17":13,"18":13,"19":13,"20":13,"21":0,"22":13,"23":1,"24":1,"25":1,"26":1,"27":1,"28":1,"29":1,"30":1,"31":1,"32":1,"33":1,"34":96,"35":1,"36":95,"37":95,"38":42,"39":42,"40":42,"41":42,"42":16,"43":16,"44":16,"45":16,"46":17,"47":17,"48":16,"49":16,"50":16,"51":16,"52":1,"53":20,"54":425,"55":2,"56":423,"57":423,"58":423,"59":200,"60":200,"61":423,"62":1,"63":0,"64":1,"65":1,"66":21,"67":21,"68":1,"69":20,"70":1,"71":200,"72":200,"73":200,"74":185,"75":185,"76":15,"77":20,"78":20,"79":241,"80":241,"81":20,"82":221,"83":221,"84":20,"85":20,"86":36,"87":36,"88":36,"89":36,"90":45,"91":92,"92":36,"93":36,"94":36,"95":36,"96":36,"97":36,"98":36,"99":36,"100":1,"101":1,"102":36,"103":2,"104":2,"105":34,"106":1,"107":34,"108":47,"109":47,"110":137,"111":47,"112":1,"113":1,"114":1,"115":46,"116":46,"117":3,"118":3,"119":3,"120":1},"f":{"0":13,"1":13,"2":1,"3":1,"4":1,"5":96,"6":425,"7":1,"8":1,"9":200,"10":20,"11":36,"12":45,"13":92,"14":47,"15":137,"16":3},"b":{"0":[0,13],"1":[1,0],"2":[1,0],"3":[1,95],"4":[96,95],"5":[17,42,16,17,20],"6":[17,25],"7":[42,0],"8":[16,0],"9":[16,1],"10":[2,423],"11":[425,423],"12":[623,200,200],"13":[0,1],"14":[1,20],"15":[185,15],"16":[20,221],"17":[92,43],"18":[1,35],"19":[2,34],"20":[1,33],"21":[1,46]}}
,"/Users/huanghua/Projects/tetris-app/src/engine/bag.ts": {"path":"/Users/huanghua/Projects/tetris-app/src/engine/bag.ts","statementMap":{"0":{"start":{"line":2,"column":0},"end":{"line":2,"column":42}},"1":{"start":{"line":6,"column":14},"end":{"line":6,"column":30}},"2":{"start":{"line":8,"column":2},"end":{"line":11,"column":3}},"3":{"start":{"line":8,"column":15},"end":{"line":8,"column":29}},"4":{"start":{"line":9,"column":14},"end":{"line":9,"column":41}},"5":{"start":{"line":10,"column":4},"end":{"line":10,"column":40}},"6":{"start":{"line":12,"column":2},"end":{"line":12,"column":13}},"7":{"start":{"line":16,"column":31},"end":{"line":16,"column":33}},"8":{"start":{"line":19,"column":22},"end":{"line":19,"column":42}},"9":{"start":{"line":23,"column":4},"end":{"line":23,"column":19}},"10":{"start":{"line":24,"column":4},"end":{"line":24,"column":31}},"11":{"start":{"line":29,"column":4},"end":{"line":29,"column":19}},"12":{"start":{"line":30,"column":4},"end":{"line":30,"column":34}},"13":{"start":{"line":34,"column":4},"end":{"line":36,"column":5}},"14":{"start":{"line":35,"column":6},"end":{"line":35,"column":48}},"15":{"start":{"line":15,"column":0},"end":{"line":15,"column":13}}},"fnMap":{"0":{"name":"shuffledBag","decl":{"start":{"line":5,"column":9},"end":{"line":5,"column":20}},"loc":{"start":{"line":5,"column":38},"end":{"line":13,"column":1}}},"1":{"name":"(anonymous_1)","decl":{"start":{"line":19,"column":2},"end":{"line":19,"column":22}},"loc":{"start":{"line":19,"column":53},"end":{"line":19,"column":57}}},"2":{"name":"(anonymous_2)","decl":{"start":{"line":22,"column":2},"end":{"line":22,"column":6}},"loc":{"start":{"line":22,"column":6},"end":{"line":25,"column":3}}},"3":{"name":"(anonymous_3)","decl":{"start":{"line":28,"column":2},"end":{"line":28,"column":6}},"loc":{"start":{"line":28,"column":16},"end":{"line":31,"column":3}}},"4":{"name":"(anonymous_4)","decl":{"start":{"line":33,"column":10},"end":{"line":33,"column":16}},"loc":{"start":{"line":33,"column":26},"end":{"line":37,"column":3}}}},"branchMap":{"0":{"loc":{"start":{"line":19,"column":22},"end":{"line":19,"column":53}},"type":"default-arg","locations":[{"start":{"line":19,"column":42},"end":{"line":19,"column":53}}]}},"s":{"0":2,"1":49,"2":49,"3":49,"4":294,"5":294,"6":49,"7":44,"8":44,"9":106,"10":106,"11":3,"12":3,"13":109,"14":49,"15":2},"f":{"0":49,"1":44,"2":106,"3":3,"4":109},"b":{"0":[3]}}
,"/Users/huanghua/Projects/tetris-app/src/engine/board.ts": {"path":"/Users/huanghua/Projects/tetris-app/src/engine/board.ts","statementMap":{"0":{"start":{"line":5,"column":0},"end":{"line":5,"column":16}},"1":{"start":{"line":10,"column":0},"end":{"line":10,"column":16}},"2":{"start":{"line":26,"column":0},"end":{"line":26,"column":16}},"3":{"start":{"line":2,"column":0},"end":{"line":2,"column":47}},"4":{"start":{"line":6,"column":2},"end":{"line":6,"column":77}},"5":{"start":{"line":6,"column":50},"end":{"line":6,"column":75}},"6":{"start":{"line":11,"column":15},"end":{"line":11,"column":46}},"7":{"start":{"line":11,"column":34},"end":{"line":11,"column":45}},"8":{"start":{"line":12,"column":2},"end":{"line":18,"column":5}},"9":{"start":{"line":13,"column":4},"end":{"line":17,"column":7}},"10":{"start":{"line":14,"column":6},"end":{"line":14,"column":21}},"11":{"start":{"line":14,"column":14},"end":{"line":14,"column":21}},"12":{"start":{"line":15,"column":17},"end":{"line":15,"column":29}},"13":{"start":{"line":16,"column":6},"end":{"line":16,"column":74}},"14":{"start":{"line":16,"column":38},"end":{"line":16,"column":74}},"15":{"start":{"line":19,"column":2},"end":{"line":19,"column":14}},"16":{"start":{"line":27,"column":32},"end":{"line":27,"column":34}},"17":{"start":{"line":28,"column":2},"end":{"line":30,"column":5}},"18":{"start":{"line":29,"column":4},"end":{"line":29,"column":55}},"19":{"start":{"line":29,"column":25},"end":{"line":29,"column":32}},"20":{"start":{"line":29,"column":35},"end":{"line":29,"column":55}},"21":{"start":{"line":31,"column":2},"end":{"line":31,"column":62}},"22":{"start":{"line":31,"column":32},"end":{"line":31,"column":62}},"23":{"start":{"line":33,"column":15},"end":{"line":33,"column":63}},"24":{"start":{"line":33,"column":38},"end":{"line":33,"column":62}},"25":{"start":{"line":34,"column":16},"end":{"line":34,"column":91}},"26":{"start":{"line":34,"column":65},"end":{"line":34,"column":90}},"27":{"start":{"line":35,"column":2},"end":{"line":35,"column":53}}},"fnMap":{"0":{"name":"createBoard","decl":{"start":{"line":5,"column":16},"end":{"line":5,"column":27}},"loc":{"start":{"line":5,"column":27},"end":{"line":7,"column":1}}},"1":{"name":"(anonymous_1)","decl":{"start":{"line":6,"column":44},"end":{"line":6,"column":47}},"loc":{"start":{"line":6,"column":50},"end":{"line":6,"column":75}}},"2":{"name":"lockPiece","decl":{"start":{"line":10,"column":16},"end":{"line":10,"column":25}},"loc":{"start":{"line":10,"column":52},"end":{"line":20,"column":1}}},"3":{"name":"(anonymous_3)","decl":{"start":{"line":11,"column":25},"end":{"line":11,"column":26}},"loc":{"start":{"line":11,"column":34},"end":{"line":11,"column":45}}},"4":{"name":"(anonymous_4)","decl":{"start":{"line":12,"column":23},"end":{"line":12,"column":24}},"loc":{"start":{"line":12,"column":35},"end":{"line":18,"column":3}}},"5":{"name":"(anonymous_5)","decl":{"start":{"line":13,"column":16},"end":{"line":13,"column":17}},"loc":{"start":{"line":13,"column":26},"end":{"line":17,"column":5}}},"6":{"name":"clearLines","decl":{"start":{"line":26,"column":16},"end":{"line":26,"column":26}},"loc":{"start":{"line":26,"column":39},"end":{"line":36,"column":1}}},"7":{"name":"(anonymous_7)","decl":{"start":{"line":28,"column":16},"end":{"line":28,"column":17}},"loc":{"start":{"line":28,"column":27},"end":{"line":30,"column":3}}},"8":{"name":"(anonymous_8)","decl":{"start":{"line":29,"column":18},"end":{"line":29,"column":19}},"loc":{"start":{"line":29,"column":25},"end":{"line":29,"column":32}}},"9":{"name":"(anonymous_9)","decl":{"start":{"line":33,"column":28},"end":{"line":33,"column":29}},"loc":{"start":{"line":33,"column":38},"end":{"line":33,"column":62}}},"10":{"name":"(anonymous_10)","decl":{"start":{"line":34,"column":59},"end":{"line":34,"column":62}},"loc":{"start":{"line":34,"column":65},"end":{"line":34,"column":90}}}},"branchMap":{"0":{"loc":{"start":{"line":14,"column":6},"end":{"line":14,"column":21}},"type":"if","locations":[{"start":{"line":14,"column":6},"end":{"line":14,"column":21}},{"start":{},"end":{}}]},"1":{"loc":{"start":{"line":16,"column":6},"end":{"line":16,"column":74}},"type":"if","locations":[{"start":{"line":16,"column":6},"end":{"line":16,"column":74}},{"start":{},"end":{}}]},"2":{"loc":{"start":{"line":16,"column":10},"end":{"line":16,"column":36}},"type":"binary-expr","locations":[{"start":{"line":16,"column":10},"end":{"line":16,"column":17}},{"start":{"line":16,"column":21},"end":{"line":16,"column":36}}]},"3":{"loc":{"start":{"line":29,"column":4},"end":{"line":29,"column":55}},"type":"if","locations":[{"start":{"line":29,"column":4},"end":{"line":29,"column":55}},{"start":{},"end":{}}]},"4":{"loc":{"start":{"line":31,"column":2},"end":{"line":31,"column":62}},"type":"if","locations":[{"start":{"line":31,"column":2},"end":{"line":31,"column":62}},{"start":{},"end":{}}]}},"s":{"0":4,"1":4,"2":4,"3":4,"4":45,"5":1080,"6":37,"7":888,"8":37,"9":110,"10":338,"11":190,"12":148,"13":148,"14":148,"15":37,"16":41,"17":41,"18":984,"19":1118,"20":14,"21":41,"22":35,"23":6,"24":144,"25":6,"26":14,"27":6},"f":{"0":45,"1":1080,"2":37,"3":888,"4":110,"5":338,"6":41,"7":984,"8":1118,"9":144,"10":14},"b":{"0":[190,148],"1":[148,0],"2":[148,148],"3":[14,970],"4":[35,6]}}
,"/Users/huanghua/Projects/tetris-app/src/engine/collision.ts": {"path":"/Users/huanghua/Projects/tetris-app/src/engine/collision.ts","statementMap":{"0":{"start":{"line":12,"column":0},"end":{"line":12,"column":16}},"1":{"start":{"line":2,"column":0},"end":{"line":2,"column":47}},"2":{"start":{"line":13,"column":12},"end":{"line":13,"column":24}},"3":{"start":{"line":14,"column":2},"end":{"line":22,"column":3}},"4":{"start":{"line":14,"column":15},"end":{"line":14,"column":16}},"5":{"start":{"line":15,"column":4},"end":{"line":21,"column":5}},"6":{"start":{"line":15,"column":17},"end":{"line":15,"column":18}},"7":{"start":{"line":16,"column":6},"end":{"line":16,"column":29}},"8":{"start":{"line":16,"column":20},"end":{"line":16,"column":29}},"9":{"start":{"line":17,"column":17},"end":{"line":17,"column":28}},"10":{"start":{"line":18,"column":17},"end":{"line":18,"column":28}},"11":{"start":{"line":19,"column":6},"end":{"line":19,"column":64}},"12":{"start":{"line":19,"column":52},"end":{"line":19,"column":64}},"13":{"start":{"line":20,"column":6},"end":{"line":20,"column":54}},"14":{"start":{"line":20,"column":42},"end":{"line":20,"column":54}},"15":{"start":{"line":23,"column":2},"end":{"line":23,"column":15}}},"fnMap":{"0":{"name":"collides","decl":{"start":{"line":12,"column":16},"end":{"line":12,"column":24}},"loc":{"start":{"line":12,"column":51},"end":{"line":24,"column":1}}}},"branchMap":{"0":{"loc":{"start":{"line":16,"column":6},"end":{"line":16,"column":29}},"type":"if","locations":[{"start":{"line":16,"column":6},"end":{"line":16,"column":29}},{"start":{},"end":{}}]},"1":{"loc":{"start":{"line":19,"column":6},"end":{"line":19,"column":64}},"type":"if","locations":[{"start":{"line":19,"column":6},"end":{"line":19,"column":64}},{"start":{},"end":{}}]},"2":{"loc":{"start":{"line":19,"column":10},"end":{"line":19,"column":50}},"type":"binary-expr","locations":[{"start":{"line":19,"column":10},"end":{"line":19,"column":16}},{"start":{"line":19,"column":20},"end":{"line":19,"column":30}},{"start":{"line":19,"column":34},"end":{"line":19,"column":50}}]},"3":{"loc":{"start":{"line":20,"column":6},"end":{"line":20,"column":54}},"type":"if","locations":[{"start":{"line":20,"column":6},"end":{"line":20,"column":54}},{"start":{},"end":{}}]},"4":{"loc":{"start":{"line":20,"column":10},"end":{"line":20,"column":40}},"type":"binary-expr","locations":[{"start":{"line":20,"column":10},"end":{"line":20,"column":17}},{"start":{"line":20,"column":21},"end":{"line":20,"column":40}}]}},"s":{"0":3,"1":3,"2":605,"3":605,"4":605,"5":1735,"6":1735,"7":5230,"8":2882,"9":2348,"10":2348,"11":2348,"12":12,"13":2336,"14":40,"15":553},"f":{"0":605},"b":{"0":[2882,2348],"1":[12,2336],"2":[2348,2346,2344],"3":[40,2296],"4":[2336,2332]}}
,"/Users/huanghua/Projects/tetris-app/src/engine/constants.ts": {"path":"/Users/huanghua/Projects/tetris-app/src/engine/constants.ts","statementMap":{"0":{"start":{"line":4,"column":13},"end":{"line":4,"column":23}},"1":{"start":{"line":5,"column":13},"end":{"line":5,"column":23}},"2":{"start":{"line":7,"column":13},"end":{"line":7,"column":24}},"3":{"start":{"line":8,"column":13},"end":{"line":8,"column":40}},"4":{"start":{"line":10,"column":13},"end":{"line":10,"column":85}},"5":{"start":{"line":13,"column":13},"end":{"line":49,"column":2}},"6":{"start":{"line":52,"column":13},"end":{"line":54,"column":2}},"7":{"start":{"line":55,"column":13},"end":{"line":55,"column":34}},"8":{"start":{"line":58,"column":13},"end":{"line":58,"column":59}},"9":{"start":{"line":67,"column":13},"end":{"line":76,"column":2}},"10":{"start":{"line":79,"column":13},"end":{"line":88,"column":2}}},"fnMap":{},"branchMap":{},"s":{"0":6,"1":6,"2":6,"3":6,"4":6,"5":6,"6":6,"7":6,"8":6,"9":6,"10":6},"f":{},"b":{}}
,"/Users/huanghua/Projects/tetris-app/src/engine/rotation.ts": {"path":"/Users/huanghua/Projects/tetris-app/src/engine/rotation.ts","statementMap":{"0":{"start":{"line":7,"column":0},"end":{"line":7,"column":16}},"1":{"start":{"line":17,"column":0},"end":{"line":17,"column":16}},"2":{"start":{"line":2,"column":0},"end":{"line":2,"column":51}},"3":{"start":{"line":3,"column":0},"end":{"line":3,"column":39}},"4":{"start":{"line":8,"column":12},"end":{"line":8,"column":20}},"5":{"start":{"line":9,"column":2},"end":{"line":9,"column":63}},"6":{"start":{"line":9,"column":27},"end":{"line":9,"column":61}},"7":{"start":{"line":9,"column":45},"end":{"line":9,"column":60}},"8":{"start":{"line":18,"column":2},"end":{"line":18,"column":46}},"9":{"start":{"line":18,"column":26},"end":{"line":18,"column":46}},"10":{"start":{"line":20,"column":17},"end":{"line":20,"column":39}},"11":{"start":{"line":21,"column":15},"end":{"line":21,"column":34}},"12":{"start":{"line":22,"column":16},"end":{"line":22,"column":58}},"13":{"start":{"line":23,"column":16},"end":{"line":23,"column":44}},"14":{"start":{"line":25,"column":2},"end":{"line":28,"column":3}},"15":{"start":{"line":26,"column":29},"end":{"line":26,"column":88}},"16":{"start":{"line":27,"column":4},"end":{"line":27,"column":54}},"17":{"start":{"line":27,"column":37},"end":{"line":27,"column":54}},"18":{"start":{"line":29,"column":2},"end":{"line":29,"column":14}}},"fnMap":{"0":{"name":"rotateCW","decl":{"start":{"line":7,"column":16},"end":{"line":7,"column":24}},"loc":{"start":{"line":7,"column":38},"end":{"line":10,"column":1}}},"1":{"name":"(anonymous_1)","decl":{"start":{"line":9,"column":15},"end":{"line":9,"column":16}},"loc":{"start":{"line":9,"column":27},"end":{"line":9,"column":61}}},"2":{"name":"(anonymous_2)","decl":{"start":{"line":9,"column":35},"end":{"line":9,"column":36}},"loc":{"start":{"line":9,"column":45},"end":{"line":9,"column":60}}},"3":{"name":"tryRotate","decl":{"start":{"line":17,"column":16},"end":{"line":17,"column":25}},"loc":{"start":{"line":17,"column":52},"end":{"line":30,"column":1}}}},"branchMap":{"0":{"loc":{"start":{"line":18,"column":2},"end":{"line":18,"column":46}},"type":"if","locations":[{"start":{"line":18,"column":2},"end":{"line":18,"column":46}},{"start":{},"end":{}}]},"1":{"loc":{"start":{"line":22,"column":16},"end":{"line":22,"column":58}},"type":"cond-expr","locations":[{"start":{"line":22,"column":37},"end":{"line":22,"column":44}},{"start":{"line":22,"column":47},"end":{"line":22,"column":58}}]},"2":{"loc":{"start":{"line":27,"column":4},"end":{"line":27,"column":54}},"type":"if","locations":[{"start":{"line":27,"column":4},"end":{"line":27,"column":54}},{"start":{},"end":{}}]}},"s":{"0":2,"1":2,"2":2,"3":2,"4":21,"5":21,"6":69,"7":231,"8":21,"9":1,"10":20,"11":20,"12":20,"13":20,"14":20,"15":28,"16":28,"17":19,"18":1},"f":{"0":21,"1":69,"2":231,"3":21},"b":{"0":[1,20],"1":[6,14],"2":[19,9]}}
,"/Users/huanghua/Projects/tetris-app/src/engine/scoring.ts": {"path":"/Users/huanghua/Projects/tetris-app/src/engine/scoring.ts","statementMap":{"0":{"start":{"line":5,"column":0},"end":{"line":5,"column":16}},"1":{"start":{"line":10,"column":0},"end":{"line":10,"column":16}},"2":{"start":{"line":15,"column":0},"end":{"line":15,"column":16}},"3":{"start":{"line":2,"column":0},"end":{"line":2,"column":41}},"4":{"start":{"line":6,"column":2},"end":{"line":6,"column":37}},"5":{"start":{"line":11,"column":2},"end":{"line":11,"column":47}},"6":{"start":{"line":16,"column":2},"end":{"line":16,"column":36}}},"fnMap":{"0":{"name":"lineScore","decl":{"start":{"line":5,"column":16},"end":{"line":5,"column":25}},"loc":{"start":{"line":5,"column":56},"end":{"line":7,"column":1}}},"1":{"name":"dropInterval","decl":{"start":{"line":10,"column":16},"end":{"line":10,"column":28}},"loc":{"start":{"line":10,"column":42},"end":{"line":12,"column":1}}},"2":{"name":"nextLevel","decl":{"start":{"line":15,"column":16},"end":{"line":15,"column":25}},"loc":{"start":{"line":15,"column":39},"end":{"line":17,"column":1}}}},"branchMap":{},"s":{"0":2,"1":2,"2":2,"3":2,"4":42,"5":828,"6":40},"f":{"0":42,"1":828,"2":40},"b":{}}
}
