TN:
SF:src/engine/GameEngine.ts
FN:28,(anonymous_0)
FN:32,(anonymous_1)
FN:43,(anonymous_2)
FN:47,(anonymous_3)
FN:51,(anonymous_4)
FN:62,(anonymous_5)
FN:94,(anonymous_6)
FN:106,(anonymous_7)
FN:116,(anonymous_8)
FN:130,(anonymous_9)
FN:140,(anonymous_10)
FN:152,(anonymous_11)
FN:158,(anonymous_12)
FN:159,(anonymous_13)
FN:184,(anonymous_14)
FN:188,(anonymous_15)
FN:202,(anonymous_16)
FNF:17
FNH:17
FNDA:13,(anonymous_0)
FNDA:13,(anonymous_1)
FNDA:1,(anonymous_2)
FNDA:1,(anonymous_3)
FNDA:1,(anonymous_4)
FNDA:96,(anonymous_5)
FNDA:425,(anonymous_6)
FNDA:1,(anonymous_7)
FNDA:1,(anonymous_8)
FNDA:200,(anonymous_9)
FNDA:20,(anonymous_10)
FNDA:36,(anonymous_11)
FNDA:45,(anonymous_12)
FNDA:92,(anonymous_13)
FNDA:47,(anonymous_14)
FNDA:137,(anonymous_15)
FNDA:3,(anonymous_16)
DA:2,1
DA:3,1
DA:4,1
DA:5,1
DA:6,1
DA:7,1
DA:16,1
DA:17,13
DA:18,13
DA:19,13
DA:20,13
DA:21,13
DA:22,13
DA:25,13
DA:29,13
DA:33,13
DA:34,13
DA:35,13
DA:36,13
DA:37,13
DA:38,13
DA:39,13
DA:40,13
DA:44,1
DA:48,1
DA:52,1
DA:53,1
DA:54,1
DA:55,1
DA:56,1
DA:57,1
DA:58,1
DA:63,96
DA:64,95
DA:66,95
DA:69,42
DA:70,42
DA:71,42
DA:74,16
DA:75,16
DA:76,16
DA:79,17
DA:80,17
DA:81,16
DA:82,16
DA:83,16
DA:84,16
DA:86,1
DA:89,20
DA:95,425
DA:96,423
DA:97,423
DA:98,423
DA:99,200
DA:100,200
DA:102,423
DA:107,1
DA:108,1
DA:109,1
DA:110,21
DA:111,21
DA:112,20
DA:117,1
DA:131,200
DA:132,200
DA:133,200
DA:134,185
DA:135,185
DA:137,15
DA:141,20
DA:142,20
DA:143,241
DA:144,241
DA:145,221
DA:146,221
DA:148,20
DA:149,20
DA:153,36
DA:154,36
DA:155,36
DA:158,36
DA:159,92
DA:162,36
DA:163,36
DA:164,36
DA:165,36
DA:166,36
DA:168,36
DA:169,36
DA:170,36
DA:171,1
DA:172,1
DA:175,36
DA:176,2
DA:177,2
DA:179,34
DA:180,34
DA:185,47
DA:186,47
DA:188,137
DA:193,47
DA:194,1
DA:195,1
DA:196,1
DA:198,46
DA:199,46
DA:203,3
DA:204,3
DA:205,3
LF:109
LH:109
BRDA:39,0,0,0
BRDA:39,0,1,13
BRDA:44,1,0,1
BRDA:44,1,1,0
BRDA:48,2,0,1
BRDA:48,2,1,0
BRDA:63,3,0,1
BRDA:63,3,1,95
BRDA:63,4,0,96
BRDA:63,4,1,95
BRDA:66,5,0,17
BRDA:66,5,1,42
BRDA:66,5,2,16
BRDA:66,5,3,17
BRDA:66,5,4,20
BRDA:69,6,0,17
BRDA:69,6,1,25
BRDA:70,7,0,42
BRDA:70,7,1,0
BRDA:75,8,0,16
BRDA:75,8,1,0
BRDA:80,9,0,16
BRDA:80,9,1,1
BRDA:95,10,0,2
BRDA:95,10,1,423
BRDA:95,11,0,425
BRDA:95,11,1,423
BRDA:98,12,0,623
BRDA:98,12,1,200
BRDA:98,12,2,200
BRDA:107,13,0,0
BRDA:107,13,1,1
BRDA:111,14,0,1
BRDA:111,14,1,20
BRDA:133,15,0,185
BRDA:133,15,1,15
BRDA:144,16,0,20
BRDA:144,16,1,221
BRDA:159,17,0,92
BRDA:159,17,1,43
BRDA:170,18,0,1
BRDA:170,18,1,35
BRDA:175,19,0,2
BRDA:175,19,1,34
BRDA:179,20,0,1
BRDA:179,20,1,33
BRDA:193,21,0,1
BRDA:193,21,1,46
BRF:48
BRH:42
end_of_record
TN:
SF:src/engine/bag.ts
FN:5,shuffledBag
FN:19,(anonymous_1)
FN:22,(anonymous_2)
FN:28,(anonymous_3)
FN:33,(anonymous_4)
FNF:5
FNH:5
FNDA:49,shuffledBag
FNDA:44,(anonymous_1)
FNDA:106,(anonymous_2)
FNDA:3,(anonymous_3)
FNDA:109,(anonymous_4)
DA:2,2
DA:6,49
DA:8,49
DA:9,294
DA:10,294
DA:12,49
DA:15,2
DA:16,44
DA:19,44
DA:23,106
DA:24,106
DA:29,3
DA:30,3
DA:34,109
DA:35,49
LF:15
LH:15
BRDA:19,0,0,3
BRF:1
BRH:1
end_of_record
TN:
SF:src/engine/board.ts
FN:5,createBoard
FN:6,(anonymous_1)
FN:10,lockPiece
FN:11,(anonymous_3)
FN:12,(anonymous_4)
FN:13,(anonymous_5)
FN:26,clearLines
FN:28,(anonymous_7)
FN:29,(anonymous_8)
FN:33,(anonymous_9)
FN:34,(anonymous_10)
FNF:11
FNH:11
FNDA:45,createBoard
FNDA:1080,(anonymous_1)
FNDA:37,lockPiece
FNDA:888,(anonymous_3)
FNDA:110,(anonymous_4)
FNDA:338,(anonymous_5)
FNDA:41,clearLines
FNDA:984,(anonymous_7)
FNDA:1118,(anonymous_8)
FNDA:144,(anonymous_9)
FNDA:14,(anonymous_10)
DA:2,4
DA:5,4
DA:6,1080
DA:10,4
DA:11,888
DA:12,37
DA:13,110
DA:14,338
DA:15,148
DA:16,148
DA:19,37
DA:26,4
DA:27,41
DA:28,41
DA:29,1118
DA:31,41
DA:33,144
DA:34,14
DA:35,6
LF:19
LH:19
BRDA:14,0,0,190
BRDA:14,0,1,148
BRDA:16,1,0,148
BRDA:16,1,1,0
BRDA:16,2,0,148
BRDA:16,2,1,148
BRDA:29,3,0,14
BRDA:29,3,1,970
BRDA:31,4,0,35
BRDA:31,4,1,6
BRF:10
BRH:9
end_of_record
TN:
SF:src/engine/collision.ts
FN:12,collides
FNF:1
FNH:1
FNDA:605,collides
DA:2,3
DA:12,3
DA:13,605
DA:14,605
DA:15,1735
DA:16,5230
DA:17,2348
DA:18,2348
DA:19,2348
DA:20,2336
DA:23,553
LF:11
LH:11
BRDA:16,0,0,2882
BRDA:16,0,1,2348
BRDA:19,1,0,12
BRDA:19,1,1,2336
BRDA:19,2,0,2348
BRDA:19,2,1,2346
BRDA:19,2,2,2344
BRDA:20,3,0,40
BRDA:20,3,1,2296
BRDA:20,4,0,2336
BRDA:20,4,1,2332
BRF:11
BRH:11
end_of_record
TN:
SF:src/engine/constants.ts
FNF:0
FNH:0
DA:4,6
DA:5,6
DA:7,6
DA:8,6
DA:10,6
DA:13,6
DA:52,6
DA:55,6
DA:58,6
DA:67,6
DA:79,6
LF:11
LH:11
BRF:0
BRH:0
end_of_record
TN:
SF:src/engine/rotation.ts
FN:7,rotateCW
FN:9,(anonymous_1)
FN:9,(anonymous_2)
FN:17,tryRotate
FNF:4
FNH:4
FNDA:21,rotateCW
FNDA:69,(anonymous_1)
FNDA:231,(anonymous_2)
FNDA:21,tryRotate
DA:2,2
DA:3,2
DA:7,2
DA:8,21
DA:9,231
DA:17,2
DA:18,21
DA:20,20
DA:21,20
DA:22,20
DA:23,20
DA:25,20
DA:26,28
DA:27,28
DA:29,1
LF:15
LH:15
BRDA:18,0,0,1
BRDA:18,0,1,20
BRDA:22,1,0,6
BRDA:22,1,1,14
BRDA:27,2,0,19
BRDA:27,2,1,9
BRF:6
BRH:6
end_of_record
TN:
SF:src/engine/scoring.ts
FN:5,lineScore
FN:10,dropInterval
FN:15,nextLevel
FNF:3
FNH:3
FNDA:42,lineScore
FNDA:828,dropInterval
FNDA:40,nextLevel
DA:2,2
DA:5,2
DA:6,42
DA:10,2
DA:11,828
DA:15,2
DA:16,40
LF:7
LH:7
BRF:0
BRH:0
end_of_record
